<?xml version="1.0" encoding="UTF-8"?>
<testng-results ignored="0" total="1" passed="1" failed="0" skipped="0">
  <reporter-output>
  </reporter-output>
  <suite started-at="2026-02-03T19:21:14 IST" name="Default suite" finished-at="2026-02-03T19:21:15 IST" duration-ms="1362">
    <groups>
    </groups>
    <test started-at="2026-02-03T19:21:14 IST" name="Default test" finished-at="2026-02-03T19:21:15 IST" duration-ms="1362">
      <class name="Dayy11.GraphQL_QueryTests">
        <test-method signature="testFetchPublicTodos()[pri:5, instance:Dayy11.GraphQL_QueryTests@1f0f1111]" started-at="2026-02-03T19:21:14 IST" name="testFetchPublicTodos" finished-at="2026-02-03T19:21:15 IST" duration-ms="1353" status="PASS">
          <reporter-output>
          </reporter-output>
        </test-method> <!-- testFetchPublicTodos -->
      </class> <!-- Dayy11.GraphQL_QueryTests -->
    </test> <!-- Default test -->
  </suite> <!-- Default suite -->
</testng-results>
