<?xml version="1.0" encoding="UTF-8"?>
<testng-results ignored="0" total="1" passed="1" failed="0" skipped="0">
  <reporter-output>
  </reporter-output>
  <suite started-at="2026-07-11T11:38:34 IST" name="Default suite" finished-at="2026-07-11T11:38:34 IST" duration-ms="979">
    <groups>
    </groups>
    <test started-at="2026-07-11T11:38:34 IST" name="Default test" finished-at="2026-07-11T11:38:34 IST" duration-ms="979">
      <class name="Day2.ParameterDemo">
        <test-method signature="pathParam()[pri:0, instance:Day2.ParameterDemo@159f197]" started-at="2026-07-11T11:38:34 IST" name="pathParam" finished-at="2026-07-11T11:38:34 IST" duration-ms="968" status="PASS">
          <reporter-output>
          </reporter-output>
        </test-method> <!-- pathParam -->
      </class> <!-- Day2.ParameterDemo -->
    </test> <!-- Default test -->
  </suite> <!-- Default suite -->
</testng-results>
