<?xml version="1.0" encoding="UTF-8"?>
<testng-results ignored="0" total="1" passed="1" failed="0" skipped="0">
  <reporter-output>
  </reporter-output>
  <suite started-at="2026-02-07T12:41:42 IST" name="Default suite" finished-at="2026-02-07T12:41:42 IST" duration-ms="636">
    <groups>
    </groups>
    <test started-at="2026-02-07T12:41:42 IST" name="Default test" finished-at="2026-02-07T12:41:42 IST" duration-ms="636">
      <class name="Day1.HttpMethodDemo">
        <test-method signature="getMethod()[pri:0, instance:Day1.HttpMethodDemo@161479c6]" started-at="2026-02-07T12:41:42 IST" name="getMethod" finished-at="2026-02-07T12:41:42 IST" duration-ms="626" status="PASS">
          <reporter-output>
          </reporter-output>
        </test-method> <!-- getMethod -->
      </class> <!-- Day1.HttpMethodDemo -->
    </test> <!-- Default test -->
  </suite> <!-- Default suite -->
</testng-results>
