<?xml version="1.0" encoding="UTF-8"?>
<testng-results ignored="0" total="1" passed="1" failed="0" skipped="0">
  <reporter-output>
  </reporter-output>
  <suite started-at="2026-08-14T15:00:55 IST" name="Default suite" finished-at="2026-08-14T15:00:57 IST" duration-ms="1937">
    <groups>
    </groups>
    <test started-at="2026-08-14T15:00:55 IST" name="Default test" finished-at="2026-08-14T15:00:57 IST" duration-ms="1937">
      <class name="Practise">
        <test-method signature="getRequest()[pri:0, instance:Practise@159f197]" started-at="2026-08-14T15:00:55 IST" name="getRequest" finished-at="2026-08-14T15:00:57 IST" duration-ms="1926" status="PASS">
          <reporter-output>
          </reporter-output>
        </test-method> <!-- getRequest -->
      </class> <!-- Practise -->
    </test> <!-- Default test -->
  </suite> <!-- Default suite -->
</testng-results>
