<?xml version="1.0" encoding="UTF-8"?>
<testng-results ignored="0" total="1" passed="1" failed="0" skipped="0">
  <reporter-output>
  </reporter-output>
  <suite started-at="2026-07-10T23:31:29 IST" name="Default suite" finished-at="2026-07-10T23:31:29 IST" duration-ms="714">
    <groups>
    </groups>
    <test started-at="2026-07-10T23:31:29 IST" name="Default test" finished-at="2026-07-10T23:31:29 IST" duration-ms="714">
      <class name="Day4.CookiesTest">
        <test-method signature="testCookiesInResponse()[pri:0, instance:Day4.CookiesTest@71b1176b]" started-at="2026-07-10T23:31:29 IST" name="testCookiesInResponse" finished-at="2026-07-10T23:31:29 IST" duration-ms="704" status="PASS">
          <reporter-output>
          </reporter-output>
        </test-method> <!-- testCookiesInResponse -->
      </class> <!-- Day4.CookiesTest -->
    </test> <!-- Default test -->
  </suite> <!-- Default suite -->
</testng-results>
